Crashlog created at 2024-07-29 21:45:43 +0000

===== MESSAGE:

[1m[31mOpenSSL::SSL::SSLError: SSL_connect returned=1 errno=0 state=error: certificate verify failed (self signed certificate in certificate chain)[0m

===== BACKTRACE:

/usr/share/ruby/net/protocol.rb:46:in `connect_nonblock'
/usr/share/ruby/net/protocol.rb:46:in `ssl_socket_connect'
/usr/share/ruby/net/http.rb:1038:in `connect'
/usr/share/ruby/net/http.rb:970:in `do_start'
/usr/share/ruby/net/http.rb:965:in `start'
/opt/toolbox/vendor/bundle/ruby/3.0.0/gems/3scale-api-1.6.0/lib/3scale/api/http_client.rb:38:in `get'
/opt/toolbox/vendor/bundle/ruby/3.0.0/gems/3scale-api-1.6.0/lib/3scale/api/client.rb:26:in `list_services'
/opt/toolbox/lib/3scale_toolbox/remote_cache.rb:186:in `public_send'
/opt/toolbox/lib/3scale_toolbox/remote_cache.rb:186:in `method_missing'
/opt/toolbox/lib/3scale_toolbox/entities/service.rb:70:in `block (2 levels) in services_enum'
/opt/toolbox/lib/3scale_toolbox/entities/service.rb:69:in `loop'
/opt/toolbox/lib/3scale_toolbox/entities/service.rb:69:in `block in services_enum'
/opt/toolbox/lib/3scale_toolbox/entities/service.rb:63:in `each'
/opt/toolbox/lib/3scale_toolbox/entities/service.rb:63:in `each'
/opt/toolbox/lib/3scale_toolbox/entities/service.rb:63:in `reduce'
/opt/toolbox/lib/3scale_toolbox/entities/service.rb:63:in `list_services'
/opt/toolbox/lib/3scale_toolbox/entities/service.rb:33:in `find_by_system_name'
/opt/toolbox/lib/3scale_toolbox/entities/service.rb:29:in `rescue in find'
/opt/toolbox/lib/3scale_toolbox/entities/service.rb:26:in `find'
/opt/toolbox/lib/3scale_toolbox/commands/proxy_command/show_command.rb:38:in `find_service'
/opt/toolbox/lib/3scale_toolbox/commands/proxy_command/show_command.rb:45:in `service'
/opt/toolbox/lib/3scale_toolbox/commands/proxy_command/show_command.rb:24:in `run'
/opt/toolbox/vendor/bundle/ruby/3.0.0/gems/cri-2.15.11/lib/cri/command_runner.rb:34:in `call'
/opt/toolbox/vendor/bundle/ruby/3.0.0/gems/cri-2.15.11/lib/cri/command_dsl.rb:294:in `block in runner'
/opt/toolbox/vendor/bundle/ruby/3.0.0/gems/cri-2.15.11/lib/cri/command.rb:362:in `run_this'
/opt/toolbox/vendor/bundle/ruby/3.0.0/gems/cri-2.15.11/lib/cri/command.rb:298:in `run'
/opt/toolbox/vendor/bundle/ruby/3.0.0/gems/cri-2.15.11/lib/cri/command.rb:316:in `run'
/opt/toolbox/vendor/bundle/ruby/3.0.0/gems/cri-2.15.11/lib/cri/command.rb:316:in `run'
/opt/toolbox/lib/3scale_toolbox/cli.rb:48:in `block in run'
/opt/toolbox/lib/3scale_toolbox/cli/error_handler.rb:5:in `block in error_watchdog'
/opt/toolbox/lib/3scale_toolbox/cli/error_handler.rb:11:in `error_watchdog'
/opt/toolbox/lib/3scale_toolbox/cli/error_handler.rb:5:in `error_watchdog'
/opt/toolbox/lib/3scale_toolbox/cli.rb:45:in `run'
/opt/toolbox/exe/3scale:15:in `<top (required)>'
/opt/toolbox/bin/3scale:29:in `load'
/opt/toolbox/bin/3scale:29:in `<main>'

===== VERSION INFORMATION:

1.0.0

===== SYSTEM INFORMATION:

{"sysname":"Linux","nodename":"6b98fce2be98","release":"6.9.9-200.fc40.x86_64","version":"#1 SMP PREEMPT_DYNAMIC Thu Jul 11 19:29:01 UTC 2024","machine":"x86_64"}

===== INSTALLED GEMS:

  3scale-api 1.6.0
  3scale_toolbox 1.0.0
  activesupport 7.0.6
  addressable 2.8.1
  builder 3.2.4
  bundler 2.2.33
  concurrent-ruby 1.2.2
  cri 2.15.11
  deep_merge 1.2.2
  hansi 0.2.1
  hash-deep-merge 0.1.1
  i18n 1.14.1
  json-schema 2.8.1
  mini_portile2 2.8.4
  minitest 5.18.1
  mustermann 1.1.2
  mustermann-contrib 1.1.2
  nokogiri 1.15.3
  oas_parser 0.25.4
  public_suffix 5.0.1
  racc 1.7.1
  ruby2_keywords 0.0.5
  tzinfo 2.0.6

===== LOAD PATHS:

  0. /opt/toolbox/lib
  1. /usr/share/gems/gems/bundler-2.2.33/lib
  2. /usr/share/gems/gems/bundler-2.2.33/lib/gems/bundler-2.2.33/lib
  3. /opt/toolbox/vendor/bundle/ruby/3.0.0/gems/oas_parser-0.25.4/lib
  4. /opt/toolbox/vendor/bundle/ruby/3.0.0/gems/nokogiri-1.15.3/lib
  5. /opt/toolbox/vendor/bundle/ruby/3.0.0/extensions/x86_64-linux/3.0.0/nokogiri-1.15.3
  6. /opt/toolbox/vendor/bundle/ruby/3.0.0/gems/racc-1.7.1/lib
  7. /opt/toolbox/vendor/bundle/ruby/3.0.0/extensions/x86_64-linux/3.0.0/racc-1.7.1
  8. /opt/toolbox/vendor/bundle/ruby/3.0.0/gems/mini_portile2-2.8.4/lib
  9. /opt/toolbox/vendor/bundle/ruby/3.0.0/gems/mustermann-contrib-1.1.2/lib
  10. /opt/toolbox/vendor/bundle/ruby/3.0.0/gems/mustermann-1.1.2/lib
  11. /opt/toolbox/vendor/bundle/ruby/3.0.0/gems/ruby2_keywords-0.0.5/lib
  12. /opt/toolbox/vendor/bundle/ruby/3.0.0/gems/hansi-0.2.1/lib
  13. /opt/toolbox/vendor/bundle/ruby/3.0.0/gems/hash-deep-merge-0.1.1/lib
  14. /opt/toolbox/vendor/bundle/ruby/3.0.0/gems/deep_merge-1.2.2/lib
  15. /opt/toolbox/vendor/bundle/ruby/3.0.0/gems/builder-3.2.4/lib
  16. /opt/toolbox/vendor/bundle/ruby/3.0.0/gems/json-schema-2.8.1/lib
  17. /opt/toolbox/vendor/bundle/ruby/3.0.0/gems/addressable-2.8.1/lib
  18. /opt/toolbox/vendor/bundle/ruby/3.0.0/gems/public_suffix-5.0.1/lib
  19. /opt/toolbox/vendor/bundle/ruby/3.0.0/gems/cri-2.15.11/lib
  20. /opt/toolbox/vendor/bundle/ruby/3.0.0/gems/activesupport-7.0.6/lib
  21. /opt/toolbox/vendor/bundle/ruby/3.0.0/gems/tzinfo-2.0.6/lib
  22. /opt/toolbox/vendor/bundle/ruby/3.0.0/gems/minitest-5.18.1/lib
  23. /opt/toolbox/vendor/bundle/ruby/3.0.0/gems/i18n-1.14.1/lib
  24. /opt/toolbox/vendor/bundle/ruby/3.0.0/gems/concurrent-ruby-1.2.2/lib/concurrent-ruby
  25. /opt/toolbox/vendor/bundle/ruby/3.0.0/gems/3scale-api-1.6.0/lib
  26. /usr/local/share/ruby/site_ruby
  27. /usr/local/lib64/ruby/site_ruby
  28. /usr/share/ruby/vendor_ruby
  29. /usr/lib64/ruby/vendor_ruby
  30. /usr/share/rubygems
  31. /usr/share/ruby
  32. /usr/lib64/ruby
